2025-04-20 20:35:18 [main] INFO com.ui.listeners.TestListener::onStart::49 Test Suite Started 
2025-04-20 20:35:19 [TestNG-test-UI Automation Test-1] INFO com.ui.pages.HomePage::<init>::44 Launching the Browser for CHROME 
2025-04-20 20:35:19 [TestNG-test-UI Automation Test-3] INFO com.ui.pages.HomePage::<init>::44 Launching the Browser for CHROME 
2025-04-20 20:35:19 [TestNG-test-UI Automation Test-2] INFO com.ui.pages.HomePage::<init>::44 Launching the Browser for CHROME 
2025-04-20 20:35:24 [TestNG-test-UI Automation Test-2] INFO com.ui.pages.HomePage::goToWebSite::64 Visiting the website http://automationpractice.pl 
2025-04-20 20:35:25 [TestNG-test-UI Automation Test-3] INFO com.ui.pages.HomePage::goToWebSite::64 Visiting the website http://automationpractice.pl 
2025-04-20 20:35:25 [TestNG-test-UI Automation Test-1] INFO com.ui.pages.HomePage::goToWebSite::64 Visiting the website http://automationpractice.pl 
2025-04-20 20:35:28 [TestNG-test-UI Automation Test-1] INFO com.ui.tests.LoginTest::setUp::27 Load the Homepage of the website 
2025-04-20 20:35:28 [TestNG-test-UI Automation Test-1] INFO com.ui.listeners.TestListener::onTestStart::25 loginCSVTest 
2025-04-20 20:35:28 [TestNG-test-UI Automation Test-1] INFO com.ui.listeners.TestListener::onTestStart::26 Verifies that the valid user is able to login into the application 
2025-04-20 20:35:28 [TestNG-test-UI Automation Test-1] INFO com.ui.listeners.TestListener::onTestStart::27 [e2e, sanity] 
2025-04-20 20:35:28 [TestNG-test-UI Automation Test-1] INFO com.ui.pages.HomePage::gotoLoginPage::35 Trying to perform click to go to Sign in page 
2025-04-20 20:35:28 [TestNG-test-UI Automation Test-1] INFO com.ui.pages.HomePage::clickOn::74 Finding element with the locatorBy.cssSelector: .login 
2025-04-20 20:35:31 [TestNG-test-UI Automation Test-3] INFO com.ui.tests.LoginTest::setUp::27 Load the Homepage of the website 
2025-04-20 20:35:31 [TestNG-test-UI Automation Test-3] INFO com.ui.listeners.TestListener::onTestStart::25 loginTest 
2025-04-20 20:35:31 [TestNG-test-UI Automation Test-3] INFO com.ui.listeners.TestListener::onTestStart::26 Verifies that the valid user is able to login into the application 
2025-04-20 20:35:31 [TestNG-test-UI Automation Test-3] INFO com.ui.listeners.TestListener::onTestStart::27 [e2e, sanity] 
2025-04-20 20:35:31 [TestNG-test-UI Automation Test-3] INFO com.ui.pages.HomePage::gotoLoginPage::35 Trying to perform click to go to Sign in page 
2025-04-20 20:35:31 [TestNG-test-UI Automation Test-3] INFO com.ui.pages.HomePage::clickOn::74 Finding element with the locatorBy.cssSelector: .login 
2025-04-20 20:35:31 [TestNG-test-UI Automation Test-2] INFO com.ui.tests.LoginTest::setUp::27 Load the Homepage of the website 
2025-04-20 20:35:31 [TestNG-test-UI Automation Test-2] INFO com.ui.listeners.TestListener::onTestStart::25 loginExcelTest 
2025-04-20 20:35:31 [TestNG-test-UI Automation Test-2] INFO com.ui.listeners.TestListener::onTestStart::26 Verifies that the valid user is able to login into the application 
2025-04-20 20:35:31 [TestNG-test-UI Automation Test-2] INFO com.ui.listeners.TestListener::onTestStart::27 [e2e, sanity] 
2025-04-20 20:35:31 [TestNG-test-UI Automation Test-2] INFO com.ui.pages.HomePage::gotoLoginPage::35 Trying to perform click to go to Sign in page 
2025-04-20 20:35:31 [TestNG-test-UI Automation Test-2] INFO com.ui.pages.HomePage::clickOn::74 Finding element with the locatorBy.cssSelector: .login 
2025-04-20 20:35:31 [TestNG-test-UI Automation Test-2] INFO com.ui.pages.HomePage::clickOn::76 Element Found and now performing Click 
2025-04-20 20:35:31 [TestNG-test-UI Automation Test-3] INFO com.ui.pages.HomePage::clickOn::76 Element Found and now performing Click 
2025-04-20 20:35:31 [TestNG-test-UI Automation Test-1] INFO com.ui.pages.HomePage::clickOn::76 Element Found and now performing Click 
2025-04-20 20:35:32 [TestNG-test-UI Automation Test-2] INFO com.ui.pages.LoginPage::enterText::81 Finding element with the locatorBy.cssSelector: #email 
2025-04-20 20:35:32 [TestNG-test-UI Automation Test-3] INFO com.ui.pages.LoginPage::enterText::81 Finding element with the locatorBy.cssSelector: #email 
2025-04-20 20:35:32 [TestNG-test-UI Automation Test-2] INFO com.ui.pages.LoginPage::enterText::83 Element Found and now enter text ropixet623@gamebcs.com 
2025-04-20 20:35:32 [TestNG-test-UI Automation Test-3] INFO com.ui.pages.LoginPage::enterText::83 Element Found and now enter text sravani@gmail.com 
2025-04-20 20:35:32 [TestNG-test-UI Automation Test-2] INFO com.ui.pages.LoginPage::enterText::81 Finding element with the locatorBy.cssSelector: #passwd 
2025-04-20 20:35:32 [TestNG-test-UI Automation Test-2] INFO com.ui.pages.LoginPage::enterText::83 Element Found and now enter text password 
2025-04-20 20:35:32 [TestNG-test-UI Automation Test-3] INFO com.ui.pages.LoginPage::enterText::81 Finding element with the locatorBy.cssSelector: #passwd 
2025-04-20 20:35:32 [TestNG-test-UI Automation Test-3] INFO com.ui.pages.LoginPage::enterText::83 Element Found and now enter text password 
2025-04-20 20:35:32 [TestNG-test-UI Automation Test-2] INFO com.ui.pages.LoginPage::clickOn::74 Finding element with the locatorBy.cssSelector: #SubmitLogin 
2025-04-20 20:35:32 [TestNG-test-UI Automation Test-2] INFO com.ui.pages.LoginPage::clickOn::76 Element Found and now performing Click 
2025-04-20 20:35:32 [TestNG-test-UI Automation Test-3] INFO com.ui.pages.LoginPage::clickOn::74 Finding element with the locatorBy.cssSelector: #SubmitLogin 
2025-04-20 20:35:32 [TestNG-test-UI Automation Test-3] INFO com.ui.pages.LoginPage::clickOn::76 Element Found and now performing Click 
2025-04-20 20:35:32 [TestNG-test-UI Automation Test-2] INFO com.ui.pages.MyAccountPage::getVisibleText::88 Finding element with the locatorBy.cssSelector: a[title='View my customer account'] span 
2025-04-20 20:35:32 [TestNG-test-UI Automation Test-3] INFO com.ui.pages.MyAccountPage::getVisibleText::88 Finding element with the locatorBy.cssSelector: a[title='View my customer account'] span 
2025-04-20 20:35:32 [TestNG-test-UI Automation Test-1] INFO com.ui.pages.LoginPage::enterText::81 Finding element with the locatorBy.cssSelector: #email 
2025-04-20 20:35:32 [TestNG-test-UI Automation Test-1] INFO com.ui.pages.LoginPage::enterText::83 Element Found and now enter text ropixet623@gamebcs.com 
2025-04-20 20:35:32 [TestNG-test-UI Automation Test-1] INFO com.ui.pages.LoginPage::enterText::81 Finding element with the locatorBy.cssSelector: #passwd 
2025-04-20 20:35:32 [TestNG-test-UI Automation Test-1] INFO com.ui.pages.LoginPage::enterText::83 Element Found and now enter text password 
2025-04-20 20:35:32 [TestNG-test-UI Automation Test-1] INFO com.ui.pages.LoginPage::clickOn::74 Finding element with the locatorBy.cssSelector: #SubmitLogin 
2025-04-20 20:35:32 [TestNG-test-UI Automation Test-1] INFO com.ui.pages.LoginPage::clickOn::76 Element Found and now performing Click 
2025-04-20 20:35:32 [TestNG-test-UI Automation Test-1] INFO com.ui.pages.MyAccountPage::getVisibleText::88 Finding element with the locatorBy.cssSelector: a[title='View my customer account'] span 
2025-04-20 20:35:33 [TestNG-test-UI Automation Test-3] WARN com.ui.listeners.TestListener::onTestSkipped::44 LoginTest.loginTest(com.ui.pojos.User)[pri:0, instance:com.ui.tests.LoginTest@172b013] SKIPPED 
2025-04-20 20:35:33 [TestNG-test-UI Automation Test-3] INFO com.ui.pages.HomePage::<init>::44 Launching the Browser for CHROME 
2025-04-20 20:35:33 [TestNG-test-UI Automation Test-2] INFO com.ui.pages.MyAccountPage::getVisibleText::90 Element Found and now retruning the visible text Sravani T 
2025-04-20 20:35:33 [TestNG-test-UI Automation Test-2] WARN com.ui.listeners.TestListener::onTestSkipped::44 LoginTest.loginExcelTest(com.ui.pojos.User)[pri:0, instance:com.ui.tests.LoginTest@172b013] SKIPPED 
2025-04-20 20:35:33 [TestNG-test-UI Automation Test-2] INFO com.ui.pages.HomePage::<init>::44 Launching the Browser for CHROME 
2025-04-20 20:35:33 [TestNG-test-UI Automation Test-1] INFO com.ui.pages.MyAccountPage::getVisibleText::90 Element Found and now retruning the visible text Sravani T 
2025-04-20 20:35:33 [TestNG-test-UI Automation Test-1] INFO com.ui.listeners.TestListener::onTestSuccess::32 LoginTest.loginCSVTest(com.ui.pojos.User)[pri:0, instance:com.ui.tests.LoginTest@172b013] PASSED 
2025-04-20 20:35:33 [TestNG-test-UI Automation Test-1] INFO com.ui.pages.HomePage::<init>::44 Launching the Browser for CHROME 
2025-04-20 20:35:36 [TestNG-test-UI Automation Test-3] INFO com.ui.pages.HomePage::goToWebSite::64 Visiting the website http://automationpractice.pl 
2025-04-20 20:35:37 [TestNG-test-UI Automation Test-2] INFO com.ui.pages.HomePage::goToWebSite::64 Visiting the website http://automationpractice.pl 
2025-04-20 20:35:37 [TestNG-test-UI Automation Test-1] INFO com.ui.pages.HomePage::goToWebSite::64 Visiting the website http://automationpractice.pl 
2025-04-20 20:35:42 [TestNG-test-UI Automation Test-3] INFO com.ui.tests.LoginTest::setUp::27 Load the Homepage of the website 
2025-04-20 20:35:42 [TestNG-test-UI Automation Test-3] INFO com.ui.listeners.TestListener::onTestStart::25 loginTest 
2025-04-20 20:35:42 [TestNG-test-UI Automation Test-3] INFO com.ui.listeners.TestListener::onTestStart::26 Verifies that the valid user is able to login into the application 
2025-04-20 20:35:42 [TestNG-test-UI Automation Test-3] INFO com.ui.listeners.TestListener::onTestStart::27 [e2e, sanity] 
2025-04-20 20:35:42 [TestNG-test-UI Automation Test-3] INFO com.ui.pages.HomePage::gotoLoginPage::35 Trying to perform click to go to Sign in page 
2025-04-20 20:35:42 [TestNG-test-UI Automation Test-3] INFO com.ui.pages.HomePage::clickOn::74 Finding element with the locatorBy.cssSelector: .login 
2025-04-20 20:35:42 [TestNG-test-UI Automation Test-3] INFO com.ui.pages.HomePage::clickOn::76 Element Found and now performing Click 
2025-04-20 20:35:43 [TestNG-test-UI Automation Test-2] INFO com.ui.tests.LoginTest::setUp::27 Load the Homepage of the website 
2025-04-20 20:35:43 [TestNG-test-UI Automation Test-2] INFO com.ui.listeners.TestListener::onTestStart::25 loginExcelTest 
2025-04-20 20:35:43 [TestNG-test-UI Automation Test-2] INFO com.ui.listeners.TestListener::onTestStart::26 Verifies that the valid user is able to login into the application 
2025-04-20 20:35:43 [TestNG-test-UI Automation Test-2] INFO com.ui.listeners.TestListener::onTestStart::27 [e2e, sanity] 
2025-04-20 20:35:43 [TestNG-test-UI Automation Test-2] INFO com.ui.pages.HomePage::gotoLoginPage::35 Trying to perform click to go to Sign in page 
2025-04-20 20:35:43 [TestNG-test-UI Automation Test-2] INFO com.ui.pages.HomePage::clickOn::74 Finding element with the locatorBy.cssSelector: .login 
2025-04-20 20:35:43 [TestNG-test-UI Automation Test-2] INFO com.ui.pages.HomePage::clickOn::76 Element Found and now performing Click 
2025-04-20 20:35:44 [TestNG-test-UI Automation Test-3] INFO com.ui.pages.LoginPage::enterText::81 Finding element with the locatorBy.cssSelector: #email 
2025-04-20 20:35:44 [TestNG-test-UI Automation Test-3] INFO com.ui.pages.LoginPage::enterText::83 Element Found and now enter text sravani@gmail.com 
2025-04-20 20:35:44 [TestNG-test-UI Automation Test-3] INFO com.ui.pages.LoginPage::enterText::81 Finding element with the locatorBy.cssSelector: #passwd 
2025-04-20 20:35:44 [TestNG-test-UI Automation Test-3] INFO com.ui.pages.LoginPage::enterText::83 Element Found and now enter text password 
2025-04-20 20:35:44 [TestNG-test-UI Automation Test-3] INFO com.ui.pages.LoginPage::clickOn::74 Finding element with the locatorBy.cssSelector: #SubmitLogin 
2025-04-20 20:35:44 [TestNG-test-UI Automation Test-3] INFO com.ui.pages.LoginPage::clickOn::76 Element Found and now performing Click 
2025-04-20 20:35:44 [TestNG-test-UI Automation Test-1] INFO com.ui.tests.LoginTest::setUp::27 Load the Homepage of the website 
2025-04-20 20:35:44 [TestNG-test-UI Automation Test-1] INFO com.ui.listeners.TestListener::onTestStart::25 loginCSVTest 
2025-04-20 20:35:44 [TestNG-test-UI Automation Test-1] INFO com.ui.listeners.TestListener::onTestStart::26 Verifies that the valid user is able to login into the application 
2025-04-20 20:35:44 [TestNG-test-UI Automation Test-1] INFO com.ui.listeners.TestListener::onTestStart::27 [e2e, sanity] 
2025-04-20 20:35:44 [TestNG-test-UI Automation Test-1] INFO com.ui.pages.HomePage::gotoLoginPage::35 Trying to perform click to go to Sign in page 
2025-04-20 20:35:44 [TestNG-test-UI Automation Test-1] INFO com.ui.pages.HomePage::clickOn::74 Finding element with the locatorBy.cssSelector: .login 
2025-04-20 20:35:44 [TestNG-test-UI Automation Test-1] INFO com.ui.pages.HomePage::clickOn::76 Element Found and now performing Click 
2025-04-20 20:35:44 [TestNG-test-UI Automation Test-2] INFO com.ui.pages.LoginPage::enterText::81 Finding element with the locatorBy.cssSelector: #email 
2025-04-20 20:35:44 [TestNG-test-UI Automation Test-2] INFO com.ui.pages.LoginPage::enterText::83 Element Found and now enter text ropixet623@gamebcs.com 
2025-04-20 20:35:44 [TestNG-test-UI Automation Test-3] INFO com.ui.pages.MyAccountPage::getVisibleText::88 Finding element with the locatorBy.cssSelector: a[title='View my customer account'] span 
2025-04-20 20:35:44 [TestNG-test-UI Automation Test-2] INFO com.ui.pages.LoginPage::enterText::81 Finding element with the locatorBy.cssSelector: #passwd 
2025-04-20 20:35:44 [TestNG-test-UI Automation Test-2] INFO com.ui.pages.LoginPage::enterText::83 Element Found and now enter text password 
2025-04-20 20:35:44 [TestNG-test-UI Automation Test-3] WARN com.ui.listeners.TestListener::onTestSkipped::44 LoginTest.loginTest(com.ui.pojos.User)[pri:0, instance:com.ui.tests.LoginTest@172b013] SKIPPED 
2025-04-20 20:35:44 [TestNG-test-UI Automation Test-3] INFO com.ui.pages.HomePage::<init>::44 Launching the Browser for CHROME 
2025-04-20 20:35:44 [TestNG-test-UI Automation Test-2] INFO com.ui.pages.LoginPage::clickOn::74 Finding element with the locatorBy.cssSelector: #SubmitLogin 
2025-04-20 20:35:44 [TestNG-test-UI Automation Test-2] INFO com.ui.pages.LoginPage::clickOn::76 Element Found and now performing Click 
2025-04-20 20:35:44 [TestNG-test-UI Automation Test-2] INFO com.ui.pages.MyAccountPage::getVisibleText::88 Finding element with the locatorBy.cssSelector: a[title='View my customer account'] span 
2025-04-20 20:35:45 [TestNG-test-UI Automation Test-1] INFO com.ui.pages.LoginPage::enterText::81 Finding element with the locatorBy.cssSelector: #email 
2025-04-20 20:35:45 [TestNG-test-UI Automation Test-1] INFO com.ui.pages.LoginPage::enterText::83 Element Found and now enter text tammisetty@gmail.com 
2025-04-20 20:35:45 [TestNG-test-UI Automation Test-1] INFO com.ui.pages.LoginPage::enterText::81 Finding element with the locatorBy.cssSelector: #passwd 
2025-04-20 20:35:45 [TestNG-test-UI Automation Test-1] INFO com.ui.pages.LoginPage::enterText::83 Element Found and now enter text password 
2025-04-20 20:35:45 [TestNG-test-UI Automation Test-1] INFO com.ui.pages.LoginPage::clickOn::74 Finding element with the locatorBy.cssSelector: #SubmitLogin 
2025-04-20 20:35:45 [TestNG-test-UI Automation Test-1] INFO com.ui.pages.LoginPage::clickOn::76 Element Found and now performing Click 
2025-04-20 20:35:45 [TestNG-test-UI Automation Test-1] INFO com.ui.pages.MyAccountPage::getVisibleText::88 Finding element with the locatorBy.cssSelector: a[title='View my customer account'] span 
2025-04-20 20:35:46 [TestNG-test-UI Automation Test-2] INFO com.ui.pages.MyAccountPage::getVisibleText::90 Element Found and now retruning the visible text Sravani T 
2025-04-20 20:35:46 [TestNG-test-UI Automation Test-2] ERROR com.ui.listeners.TestListener::onTestFailure::37 LoginTest.loginExcelTest(com.ui.pojos.User)[pri:0, instance:com.ui.tests.LoginTest@172b013] FAILED 
2025-04-20 20:35:46 [TestNG-test-UI Automation Test-2] ERROR com.ui.listeners.TestListener::onTestFailure::38 expected [Sravani T1] but found [Sravani T] 
2025-04-20 20:35:46 [TestNG-test-UI Automation Test-1] ERROR com.ui.listeners.TestListener::onTestFailure::37 LoginTest.loginCSVTest(com.ui.pojos.User)[pri:0, instance:com.ui.tests.LoginTest@172b013] FAILED 
2025-04-20 20:35:46 [TestNG-test-UI Automation Test-1] ERROR com.ui.listeners.TestListener::onTestFailure::38 no such element: Unable to locate element: {"method":"css selector","selector":"a[title='View my customer account'] span"}
  (Session info: chrome=135.0.7049.96)
For documentation on this error, please visit: https://www.selenium.dev/documentation/webdriver/troubleshooting/errors#no-such-element-exception
Build info: version: '4.29.0', revision: '5fc1ec94cb'
System info: os.name: 'Windows 11', os.arch: 'amd64', os.version: '10.0', java.version: '21.0.6'
Driver info: org.openqa.selenium.chrome.ChromeDriver
Command: [5da04dd4c79f91effbceff923c500249, findElement {value=a[title='View my customer account'] span, using=css selector}]
Capabilities {acceptInsecureCerts: false, browserName: chrome, browserVersion: 135.0.7049.96, chrome: {chromedriverVersion: 135.0.7049.95 (de2eb485a195..., userDataDir: C:\Users\SRAVAN~1.TAM\AppDa...}, fedcm:accounts: true, goog:chromeOptions: {debuggerAddress: localhost:50582}, networkConnectionEnabled: false, pageLoadStrategy: normal, platformName: windows, proxy: Proxy(), se:cdp: ws://localhost:50582/devtoo..., se:cdpVersion: 135.0.7049.96, setWindowRect: true, strictFileInteractability: false, timeouts: {implicit: 0, pageLoad: 300000, script: 30000}, unhandledPromptBehavior: dismiss and notify, webauthn:extension:credBlob: true, webauthn:extension:largeBlob: true, webauthn:extension:minPinLength: true, webauthn:extension:prf: true, webauthn:virtualAuthenticators: true}
Session ID: 5da04dd4c79f91effbceff923c500249 
2025-04-20 20:35:47 [TestNG-test-UI Automation Test-3] INFO com.ui.pages.HomePage::goToWebSite::64 Visiting the website http://automationpractice.pl 
2025-04-20 20:35:53 [TestNG-test-UI Automation Test-3] INFO com.ui.tests.LoginTest::setUp::27 Load the Homepage of the website 
2025-04-20 20:35:53 [TestNG-test-UI Automation Test-3] INFO com.ui.listeners.TestListener::onTestStart::25 loginTest 
2025-04-20 20:35:53 [TestNG-test-UI Automation Test-3] INFO com.ui.listeners.TestListener::onTestStart::26 Verifies that the valid user is able to login into the application 
2025-04-20 20:35:53 [TestNG-test-UI Automation Test-3] INFO com.ui.listeners.TestListener::onTestStart::27 [e2e, sanity] 
2025-04-20 20:35:53 [TestNG-test-UI Automation Test-3] INFO com.ui.pages.HomePage::gotoLoginPage::35 Trying to perform click to go to Sign in page 
2025-04-20 20:35:53 [TestNG-test-UI Automation Test-3] INFO com.ui.pages.HomePage::clickOn::74 Finding element with the locatorBy.cssSelector: .login 
2025-04-20 20:35:53 [TestNG-test-UI Automation Test-3] INFO com.ui.pages.HomePage::clickOn::76 Element Found and now performing Click 
2025-04-20 20:35:54 [TestNG-test-UI Automation Test-3] INFO com.ui.pages.LoginPage::enterText::81 Finding element with the locatorBy.cssSelector: #email 
2025-04-20 20:35:54 [TestNG-test-UI Automation Test-3] INFO com.ui.pages.LoginPage::enterText::83 Element Found and now enter text sravani@gmail.com 
2025-04-20 20:35:54 [TestNG-test-UI Automation Test-3] INFO com.ui.pages.LoginPage::enterText::81 Finding element with the locatorBy.cssSelector: #passwd 
2025-04-20 20:35:54 [TestNG-test-UI Automation Test-3] INFO com.ui.pages.LoginPage::enterText::83 Element Found and now enter text password 
2025-04-20 20:35:54 [TestNG-test-UI Automation Test-3] INFO com.ui.pages.LoginPage::clickOn::74 Finding element with the locatorBy.cssSelector: #SubmitLogin 
2025-04-20 20:35:54 [TestNG-test-UI Automation Test-3] INFO com.ui.pages.LoginPage::clickOn::76 Element Found and now performing Click 
2025-04-20 20:35:54 [TestNG-test-UI Automation Test-3] INFO com.ui.pages.MyAccountPage::getVisibleText::88 Finding element with the locatorBy.cssSelector: a[title='View my customer account'] span 
2025-04-20 20:35:55 [TestNG-test-UI Automation Test-3] ERROR com.ui.listeners.TestListener::onTestFailure::37 LoginTest.loginTest(com.ui.pojos.User)[pri:0, instance:com.ui.tests.LoginTest@172b013] FAILED 
2025-04-20 20:35:55 [TestNG-test-UI Automation Test-3] ERROR com.ui.listeners.TestListener::onTestFailure::38 no such element: Unable to locate element: {"method":"css selector","selector":"a[title='View my customer account'] span"}
  (Session info: chrome=135.0.7049.96)
For documentation on this error, please visit: https://www.selenium.dev/documentation/webdriver/troubleshooting/errors#no-such-element-exception
Build info: version: '4.29.0', revision: '5fc1ec94cb'
System info: os.name: 'Windows 11', os.arch: 'amd64', os.version: '10.0', java.version: '21.0.6'
Driver info: org.openqa.selenium.chrome.ChromeDriver
Command: [2f25c72b0cedb179e02dd04f354b4dff, findElement {value=a[title='View my customer account'] span, using=css selector}]
Capabilities {acceptInsecureCerts: false, browserName: chrome, browserVersion: 135.0.7049.96, chrome: {chromedriverVersion: 135.0.7049.95 (de2eb485a195..., userDataDir: C:\Users\SRAVAN~1.TAM\AppDa...}, fedcm:accounts: true, goog:chromeOptions: {debuggerAddress: localhost:50672}, networkConnectionEnabled: false, pageLoadStrategy: normal, platformName: windows, proxy: Proxy(), se:cdp: ws://localhost:50672/devtoo..., se:cdpVersion: 135.0.7049.96, setWindowRect: true, strictFileInteractability: false, timeouts: {implicit: 0, pageLoad: 300000, script: 30000}, unhandledPromptBehavior: dismiss and notify, webauthn:extension:credBlob: true, webauthn:extension:largeBlob: true, webauthn:extension:minPinLength: true, webauthn:extension:prf: true, webauthn:virtualAuthenticators: true}
Session ID: 2f25c72b0cedb179e02dd04f354b4dff 
2025-04-20 20:35:55 [TestNG-test-UI Automation Test-3] INFO com.ui.pages.HomePage::<init>::44 Launching the Browser for CHROME 
2025-04-20 20:35:58 [TestNG-test-UI Automation Test-3] INFO com.ui.pages.HomePage::goToWebSite::64 Visiting the website http://automationpractice.pl 
2025-04-20 20:36:04 [TestNG-test-UI Automation Test-3] INFO com.ui.tests.LoginTest::setUp::27 Load the Homepage of the website 
2025-04-20 20:36:04 [TestNG-test-UI Automation Test-3] INFO com.ui.listeners.TestListener::onTestStart::25 loginTest 
2025-04-20 20:36:04 [TestNG-test-UI Automation Test-3] INFO com.ui.listeners.TestListener::onTestStart::26 Verifies that the valid user is able to login into the application 
2025-04-20 20:36:04 [TestNG-test-UI Automation Test-3] INFO com.ui.listeners.TestListener::onTestStart::27 [e2e, sanity] 
2025-04-20 20:36:04 [TestNG-test-UI Automation Test-3] INFO com.ui.pages.HomePage::gotoLoginPage::35 Trying to perform click to go to Sign in page 
2025-04-20 20:36:04 [TestNG-test-UI Automation Test-3] INFO com.ui.pages.HomePage::clickOn::74 Finding element with the locatorBy.cssSelector: .login 
2025-04-20 20:36:04 [TestNG-test-UI Automation Test-3] INFO com.ui.pages.HomePage::clickOn::76 Element Found and now performing Click 
2025-04-20 20:36:05 [TestNG-test-UI Automation Test-3] INFO com.ui.pages.LoginPage::enterText::81 Finding element with the locatorBy.cssSelector: #email 
2025-04-20 20:36:05 [TestNG-test-UI Automation Test-3] INFO com.ui.pages.LoginPage::enterText::83 Element Found and now enter text ropixet623@gamebcs.com 
2025-04-20 20:36:06 [TestNG-test-UI Automation Test-3] INFO com.ui.pages.LoginPage::enterText::81 Finding element with the locatorBy.cssSelector: #passwd 
2025-04-20 20:36:06 [TestNG-test-UI Automation Test-3] INFO com.ui.pages.LoginPage::enterText::83 Element Found and now enter text password 
2025-04-20 20:36:06 [TestNG-test-UI Automation Test-3] INFO com.ui.pages.LoginPage::clickOn::74 Finding element with the locatorBy.cssSelector: #SubmitLogin 
2025-04-20 20:36:06 [TestNG-test-UI Automation Test-3] INFO com.ui.pages.LoginPage::clickOn::76 Element Found and now performing Click 
2025-04-20 20:36:07 [TestNG-test-UI Automation Test-3] INFO com.ui.pages.MyAccountPage::getVisibleText::88 Finding element with the locatorBy.cssSelector: a[title='View my customer account'] span 
2025-04-20 20:36:07 [TestNG-test-UI Automation Test-3] INFO com.ui.pages.MyAccountPage::getVisibleText::90 Element Found and now retruning the visible text Sravani T 
2025-04-20 20:36:07 [TestNG-test-UI Automation Test-3] INFO com.ui.listeners.TestListener::onTestSuccess::32 LoginTest.loginTest(com.ui.pojos.User)[pri:0, instance:com.ui.tests.LoginTest@172b013] PASSED 
2025-04-20 20:36:07 [main] INFO com.ui.listeners.TestListener::onFinish::54 Test Suite Completed 
